[ 2016-06-27T13:05:09+08:00 ] 127.0.0.1 /wawj/
INFO: [ app_init ] --START--
INFO: Run Behavior\BuildLiteBehavior [ RunTime:0.000000s ]
INFO: [ app_init ] --END-- [ RunTime:0.000000s ]
INFO: [ app_begin ] --START--
INFO: Run Behavior\ReadHtmlCacheBehavior [ RunTime:0.015600s ]
INFO: [ app_begin ] --END-- [ RunTime:0.015600s ]

[ 2016-06-27T13:05:09+08:00 ] 127.0.0.1 /wawj/index.php/Login/login
INFO: [ app_init ] --START--
INFO: Run Behavior\BuildLiteBehavior [ RunTime:0.000000s ]
INFO: [ app_init ] --END-- [ RunTime:0.004000s ]
INFO: [ app_begin ] --START--
INFO: Run Behavior\ReadHtmlCacheBehavior [ RunTime:0.002000s ]
INFO: [ app_begin ] --END-- [ RunTime:0.004000s ]
INFO: [ view_parse ] --START--
INFO: [ template_filter ] --START--
INFO: Run Behavior\ContentReplaceBehavior [ RunTime:0.001000s ]
INFO: [ template_filter ] --END-- [ RunTime:0.003000s ]
INFO: Run Behavior\ParseTemplateBehavior [ RunTime:0.043002s ]
INFO: [ view_parse ] --END-- [ RunTime:0.045002s ]
INFO: [ view_filter ] --START--
INFO: Run Behavior\WriteHtmlCacheBehavior [ RunTime:0.002000s ]
INFO: [ view_filter ] --END-- [ RunTime:0.004001s ]
INFO: [ app_end ] --START--
INFO: Run Behavior\ShowPageTraceBehavior [ RunTime:0.003000s ]
INFO: [ app_end ] --END-- [ RunTime:0.004000s ]

[ 2016-06-27T13:05:14+08:00 ] 127.0.0.1 /wawj/index.php/Login/login
INFO: [ app_init ] --START--
INFO: Run Behavior\BuildLiteBehavior [ RunTime:0.000000s ]
INFO: [ app_init ] --END-- [ RunTime:0.002000s ]
INFO: [ app_begin ] --START--
INFO: Run Behavior\ReadHtmlCacheBehavior [ RunTime:0.001000s ]
INFO: [ app_begin ] --END-- [ RunTime:0.003000s ]
SQL: SHOW COLUMNS FROM `home_admin` [ RunTime:0.0160s ]
SQL: SELECT * FROM `home_admin` WHERE `admin_name` = 'admin' AND `admin_pwd` = '4297f44b13955235245b2497399d7a93' AND `status` = 1 LIMIT 1   [ RunTime:0.0010s ]
INFO: [ view_parse ] --START--
INFO: [ template_filter ] --START--
INFO: Run Behavior\ContentReplaceBehavior [ RunTime:0.000000s ]
INFO: [ template_filter ] --END-- [ RunTime:0.002000s ]
INFO: Run Behavior\ParseTemplateBehavior [ RunTime:0.027001s ]
INFO: [ view_parse ] --END-- [ RunTime:0.029002s ]
INFO: [ view_filter ] --START--
INFO: Run Behavior\WriteHtmlCacheBehavior [ RunTime:0.002000s ]
INFO: [ view_filter ] --END-- [ RunTime:0.002000s ]

[ 2016-06-27T13:05:17+08:00 ] 127.0.0.1 /wawj/index.php/Login/login
INFO: [ app_init ] --START--
INFO: Run Behavior\BuildLiteBehavior [ RunTime:0.000000s ]
INFO: [ app_init ] --END-- [ RunTime:0.000000s ]
INFO: [ app_begin ] --START--
INFO: Run Behavior\ReadHtmlCacheBehavior [ RunTime:0.000000s ]
INFO: [ app_begin ] --END-- [ RunTime:0.000000s ]
INFO: [ view_parse ] --START--
INFO: [ template_filter ] --START--
INFO: Run Behavior\ContentReplaceBehavior [ RunTime:0.001000s ]
INFO: [ template_filter ] --END-- [ RunTime:0.009000s ]
INFO: Run Behavior\ParseTemplateBehavior [ RunTime:0.034601s ]
INFO: [ view_parse ] --END-- [ RunTime:0.035601s ]
INFO: [ view_filter ] --START--
INFO: Run Behavior\WriteHtmlCacheBehavior [ RunTime:0.001000s ]
INFO: [ view_filter ] --END-- [ RunTime:0.003000s ]
INFO: [ app_end ] --START--
INFO: Run Behavior\ShowPageTraceBehavior [ RunTime:0.001000s ]
INFO: [ app_end ] --END-- [ RunTime:0.003000s ]

[ 2016-06-27T13:05:24+08:00 ] 127.0.0.1 /wawj/index.php/Login/login
INFO: [ app_init ] --START--
INFO: Run Behavior\BuildLiteBehavior [ RunTime:0.000000s ]
INFO: [ app_init ] --END-- [ RunTime:0.000000s ]
INFO: [ app_begin ] --START--
INFO: Run Behavior\ReadHtmlCacheBehavior [ RunTime:0.000000s ]
INFO: [ app_begin ] --END-- [ RunTime:0.000000s ]
SQL: SHOW COLUMNS FROM `home_admin` [ RunTime:0.0040s ]
SQL: SELECT * FROM `home_admin` WHERE `admin_name` = 'admin' AND `admin_pwd` = '21232f297a57a5a743894a0e4a801fc3' AND `status` = 1 LIMIT 1   [ RunTime:0.0010s ]
SQL: UPDATE `home_admin` SET `last_time`='1467003924',`login_ip`='127.0.0.1' WHERE `admin_name` = 'admin' AND `admin_pwd` = '21232f297a57a5a743894a0e4a801fc3' AND `status` = 1 [ RunTime:0.0170s ]
INFO: [ view_parse ] --START--
INFO: [ template_filter ] --START--
INFO: Run Behavior\ContentReplaceBehavior [ RunTime:0.001000s ]
INFO: [ template_filter ] --END-- [ RunTime:0.002000s ]
INFO: Run Behavior\ParseTemplateBehavior [ RunTime:0.024001s ]
INFO: [ view_parse ] --END-- [ RunTime:0.025001s ]
INFO: [ view_filter ] --START--
INFO: Run Behavior\WriteHtmlCacheBehavior [ RunTime:0.001000s ]
INFO: [ view_filter ] --END-- [ RunTime:0.003001s ]
INFO: [ app_end ] --START--
INFO: Run Behavior\ShowPageTraceBehavior [ RunTime:0.002000s ]
INFO: [ app_end ] --END-- [ RunTime:0.002000s ]

[ 2016-06-27T13:05:25+08:00 ] 127.0.0.1 /wawj/index.php/Admin/Index/index
INFO: [ app_init ] --START--
INFO: Run Behavior\BuildLiteBehavior [ RunTime:0.000000s ]
INFO: [ app_init ] --END-- [ RunTime:0.000000s ]
INFO: [ app_begin ] --START--
INFO: Run Behavior\ReadHtmlCacheBehavior [ RunTime:0.002000s ]
INFO: [ app_begin ] --END-- [ RunTime:0.002000s ]
NOTIC: [8] Undefined index: username D:\WWW\wawj\Application\Admin\Controller\CommonController.class.php 第 14 行.
NOTIC: [8] Use of undefined constant GROUP_NAME - assumed 'GROUP_NAME' D:\WWW\wawj\Application\Admin\Controller\CommonController.class.php 第 20 行.
INFO: [ view_parse ] --START--
INFO: [ template_filter ] --START--
INFO: Run Behavior\ContentReplaceBehavior [ RunTime:0.001000s ]
INFO: [ template_filter ] --END-- [ RunTime:0.002000s ]
INFO: Run Behavior\ParseTemplateBehavior [ RunTime:0.028001s ]
INFO: [ view_parse ] --END-- [ RunTime:0.029001s ]
INFO: [ view_filter ] --START--
INFO: Run Behavior\WriteHtmlCacheBehavior [ RunTime:0.001000s ]
INFO: [ view_filter ] --END-- [ RunTime:0.002000s ]
INFO: [ app_end ] --START--
INFO: Run Behavior\ShowPageTraceBehavior [ RunTime:0.001000s ]
INFO: [ app_end ] --END-- [ RunTime:0.003001s ]

[ 2016-06-27T13:05:26+08:00 ] 127.0.0.1 /wawj/index.php/Answer/answerList
INFO: [ app_init ] --START--
INFO: Run Behavior\BuildLiteBehavior [ RunTime:0.000000s ]
INFO: [ app_init ] --END-- [ RunTime:0.000000s ]
INFO: [ app_begin ] --START--
INFO: Run Behavior\ReadHtmlCacheBehavior [ RunTime:0.002000s ]
INFO: [ app_begin ] --END-- [ RunTime:0.004001s ]
ERR: 无法加载控制器:Answer

[ 2016-06-27T13:06:07+08:00 ] 127.0.0.1 /gltm/
INFO: [ app_init ] --START--
INFO: Run Behavior\BuildLiteBehavior [ RunTime:0.000000s ]
INFO: [ app_init ] --END-- [ RunTime:0.002001s ]
INFO: [ app_begin ] --START--
INFO: Run Behavior\ReadHtmlCacheBehavior [ RunTime:0.001000s ]
INFO: [ app_begin ] --END-- [ RunTime:0.003000s ]
NOTIC: [8] Undefined index: username D:\WWW\gltm\Application\Admin\Controller\CommonController.class.php 第 14 行.
NOTIC: [8] Use of undefined constant GROUP_NAME - assumed 'GROUP_NAME' D:\WWW\gltm\Application\Admin\Controller\CommonController.class.php 第 20 行.
INFO: [ view_parse ] --START--
INFO: [ template_filter ] --START--
INFO: Run Behavior\ContentReplaceBehavior [ RunTime:0.001000s ]
INFO: [ template_filter ] --END-- [ RunTime:0.002000s ]
INFO: Run Behavior\ParseTemplateBehavior [ RunTime:0.027002s ]
INFO: [ view_parse ] --END-- [ RunTime:0.028002s ]
INFO: [ view_filter ] --START--
INFO: Run Behavior\WriteHtmlCacheBehavior [ RunTime:0.001000s ]
INFO: [ view_filter ] --END-- [ RunTime:0.003000s ]
INFO: [ app_end ] --START--
INFO: Run Behavior\ShowPageTraceBehavior [ RunTime:0.002000s ]
INFO: [ app_end ] --END-- [ RunTime:0.003000s ]

[ 2016-06-27T13:06:07+08:00 ] 127.0.0.1 /gltm/index.php/Answer/answerList
INFO: [ app_init ] --START--
INFO: Run Behavior\BuildLiteBehavior [ RunTime:0.001000s ]
INFO: [ app_init ] --END-- [ RunTime:0.002000s ]
INFO: [ app_begin ] --START--
INFO: Run Behavior\ReadHtmlCacheBehavior [ RunTime:0.002000s ]
INFO: [ app_begin ] --END-- [ RunTime:0.004000s ]
ERR: 无法加载控制器:Answer

[ 2016-06-27T13:12:18+08:00 ] 127.0.0.1 /gltm/index.php/Admin/Index/noLogin
INFO: [ app_init ] --START--
INFO: Run Behavior\BuildLiteBehavior [ RunTime:0.015600s ]
INFO: [ app_init ] --END-- [ RunTime:0.015600s ]
INFO: [ app_begin ] --START--
INFO: Run Behavior\ReadHtmlCacheBehavior [ RunTime:0.000000s ]
INFO: [ app_begin ] --END-- [ RunTime:0.000000s ]
NOTIC: [8] Undefined index: username D:\WWW\gltm\Application\Admin\Controller\CommonController.class.php 第 14 行.
NOTIC: [8] Use of undefined constant GROUP_NAME - assumed 'GROUP_NAME' D:\WWW\gltm\Application\Admin\Controller\CommonController.class.php 第 20 行.

[ 2016-06-27T13:12:19+08:00 ] 127.0.0.1 /gltm/Login/login
INFO: [ app_init ] --START--
INFO: Run Behavior\BuildLiteBehavior [ RunTime:0.000000s ]
INFO: [ app_init ] --END-- [ RunTime:0.002000s ]
INFO: [ app_begin ] --START--
INFO: Run Behavior\ReadHtmlCacheBehavior [ RunTime:0.001001s ]
INFO: [ app_begin ] --END-- [ RunTime:0.003001s ]
INFO: [ view_parse ] --START--
INFO: [ template_filter ] --START--
INFO: Run Behavior\ContentReplaceBehavior [ RunTime:0.001000s ]
INFO: [ template_filter ] --END-- [ RunTime:0.003000s ]
INFO: Run Behavior\ParseTemplateBehavior [ RunTime:0.045003s ]
INFO: [ view_parse ] --END-- [ RunTime:0.046003s ]
INFO: [ view_filter ] --START--
INFO: Run Behavior\WriteHtmlCacheBehavior [ RunTime:0.001000s ]
INFO: [ view_filter ] --END-- [ RunTime:0.003000s ]
INFO: [ app_end ] --START--
INFO: Run Behavior\ShowPageTraceBehavior [ RunTime:0.002000s ]
INFO: [ app_end ] --END-- [ RunTime:0.003000s ]

[ 2016-06-27T13:12:22+08:00 ] 127.0.0.1 /gltm/Login/login
INFO: [ app_init ] --START--
INFO: Run Behavior\BuildLiteBehavior [ RunTime:0.000000s ]
INFO: [ app_init ] --END-- [ RunTime:0.000000s ]
INFO: [ app_begin ] --START--
INFO: Run Behavior\ReadHtmlCacheBehavior [ RunTime:0.000000s ]
INFO: [ app_begin ] --END-- [ RunTime:0.000000s ]
SQL: SHOW COLUMNS FROM `gltm_admin` [ RunTime:0.0030s ]
SQL: SELECT * FROM `gltm_admin` WHERE `admin_name` = 'admin' AND `admin_pwd` = '4297f44b13955235245b2497399d7a93' AND `status` = 1 LIMIT 1   [ RunTime:0.0010s ]
INFO: [ view_parse ] --START--
INFO: [ template_filter ] --START--
INFO: Run Behavior\ContentReplaceBehavior [ RunTime:0.001000s ]
INFO: [ template_filter ] --END-- [ RunTime:0.002000s ]
INFO: Run Behavior\ParseTemplateBehavior [ RunTime:0.025001s ]
INFO: [ view_parse ] --END-- [ RunTime:0.027001s ]
INFO: [ view_filter ] --START--
INFO: Run Behavior\WriteHtmlCacheBehavior [ RunTime:0.001001s ]
INFO: [ view_filter ] --END-- [ RunTime:0.003001s ]

[ 2016-06-27T13:12:26+08:00 ] 127.0.0.1 /gltm/Login/login
INFO: [ app_init ] --START--
INFO: Run Behavior\BuildLiteBehavior [ RunTime:0.000000s ]
INFO: [ app_init ] --END-- [ RunTime:0.000000s ]
INFO: [ app_begin ] --START--
INFO: Run Behavior\ReadHtmlCacheBehavior [ RunTime:0.000000s ]
INFO: [ app_begin ] --END-- [ RunTime:0.000000s ]
INFO: [ view_parse ] --START--
INFO: [ template_filter ] --START--
INFO: Run Behavior\ContentReplaceBehavior [ RunTime:0.001000s ]
INFO: [ template_filter ] --END-- [ RunTime:0.002000s ]
INFO: Run Behavior\ParseTemplateBehavior [ RunTime:0.023001s ]
INFO: [ view_parse ] --END-- [ RunTime:0.024001s ]
INFO: [ view_filter ] --START--
INFO: Run Behavior\WriteHtmlCacheBehavior [ RunTime:0.001000s ]
INFO: [ view_filter ] --END-- [ RunTime:0.002000s ]
INFO: [ app_end ] --START--
INFO: Run Behavior\ShowPageTraceBehavior [ RunTime:0.001000s ]
INFO: [ app_end ] --END-- [ RunTime:0.003000s ]

[ 2016-06-27T13:13:58+08:00 ] 127.0.0.1 /gltm/Login/login
INFO: [ app_init ] --START--
INFO: Run Behavior\BuildLiteBehavior [ RunTime:0.000000s ]
INFO: [ app_init ] --END-- [ RunTime:0.015600s ]
INFO: [ app_begin ] --START--
INFO: Run Behavior\ReadHtmlCacheBehavior [ RunTime:0.000000s ]
INFO: [ app_begin ] --END-- [ RunTime:0.015600s ]
INFO: [ view_parse ] --START--
INFO: [ template_filter ] --START--
INFO: Run Behavior\ContentReplaceBehavior [ RunTime:0.001000s ]
INFO: [ template_filter ] --END-- [ RunTime:0.003000s ]
INFO: Run Behavior\ParseTemplateBehavior [ RunTime:0.024002s ]
INFO: [ view_parse ] --END-- [ RunTime:0.025002s ]
INFO: [ view_filter ] --START--
INFO: Run Behavior\WriteHtmlCacheBehavior [ RunTime:0.001000s ]
INFO: [ view_filter ] --END-- [ RunTime:0.003000s ]
INFO: [ app_end ] --START--
INFO: Run Behavior\ShowPageTraceBehavior [ RunTime:0.002000s ]
INFO: [ app_end ] --END-- [ RunTime:0.003000s ]

[ 2016-06-27T13:14:03+08:00 ] 127.0.0.1 /gltm/Login/login
INFO: [ app_init ] --START--
INFO: Run Behavior\BuildLiteBehavior [ RunTime:0.000000s ]
INFO: [ app_init ] --END-- [ RunTime:0.002000s ]
INFO: [ app_begin ] --START--
INFO: Run Behavior\ReadHtmlCacheBehavior [ RunTime:0.001000s ]
INFO: [ app_begin ] --END-- [ RunTime:0.003000s ]
SQL: SHOW COLUMNS FROM `gltm_admin` [ RunTime:0.0050s ]
SQL: SELECT * FROM `gltm_admin` WHERE `admin_name` = 'admin' AND `admin_pwd` = '4297f44b13955235245b2497399d7a93' AND `status` = 1 LIMIT 1   [ RunTime:0.0010s ]
INFO: [ view_parse ] --START--
INFO: [ template_filter ] --START--
INFO: Run Behavior\ContentReplaceBehavior [ RunTime:0.000000s ]
INFO: [ template_filter ] --END-- [ RunTime:0.002000s ]
INFO: Run Behavior\ParseTemplateBehavior [ RunTime:0.024001s ]
INFO: [ view_parse ] --END-- [ RunTime:0.026001s ]
INFO: [ view_filter ] --START--
INFO: Run Behavior\WriteHtmlCacheBehavior [ RunTime:0.001000s ]
INFO: [ view_filter ] --END-- [ RunTime:0.002000s ]

[ 2016-06-27T13:14:06+08:00 ] 127.0.0.1 /gltm/Login/login
INFO: [ app_init ] --START--
INFO: Run Behavior\BuildLiteBehavior [ RunTime:0.000000s ]
INFO: [ app_init ] --END-- [ RunTime:0.003000s ]
INFO: [ app_begin ] --START--
INFO: Run Behavior\ReadHtmlCacheBehavior [ RunTime:0.002000s ]
INFO: [ app_begin ] --END-- [ RunTime:0.003000s ]
INFO: [ view_parse ] --START--
INFO: [ template_filter ] --START--
INFO: Run Behavior\ContentReplaceBehavior [ RunTime:0.000000s ]
INFO: [ template_filter ] --END-- [ RunTime:0.002001s ]
INFO: Run Behavior\ParseTemplateBehavior [ RunTime:0.023001s ]
INFO: [ view_parse ] --END-- [ RunTime:0.025002s ]
INFO: [ view_filter ] --START--
INFO: Run Behavior\WriteHtmlCacheBehavior [ RunTime:0.002000s ]
INFO: [ view_filter ] --END-- [ RunTime:0.002000s ]
INFO: [ app_end ] --START--
INFO: Run Behavior\ShowPageTraceBehavior [ RunTime:0.002000s ]
INFO: [ app_end ] --END-- [ RunTime:0.003000s ]

[ 2016-06-27T13:14:21+08:00 ] 127.0.0.1 /gltm/Login/login
INFO: [ app_init ] --START--
INFO: Run Behavior\BuildLiteBehavior [ RunTime:0.000000s ]
INFO: [ app_init ] --END-- [ RunTime:0.000000s ]
INFO: [ app_begin ] --START--
INFO: Run Behavior\ReadHtmlCacheBehavior [ RunTime:0.000000s ]
INFO: [ app_begin ] --END-- [ RunTime:0.000000s ]
INFO: [ view_parse ] --START--
INFO: [ template_filter ] --START--
INFO: Run Behavior\ContentReplaceBehavior [ RunTime:0.000000s ]
INFO: [ template_filter ] --END-- [ RunTime:0.015600s ]
INFO: Run Behavior\ParseTemplateBehavior [ RunTime:0.037200s ]
INFO: [ view_parse ] --END-- [ RunTime:0.038200s ]
INFO: [ view_filter ] --START--
INFO: Run Behavior\WriteHtmlCacheBehavior [ RunTime:0.002000s ]
INFO: [ view_filter ] --END-- [ RunTime:0.002000s ]
INFO: [ app_end ] --START--
INFO: Run Behavior\ShowPageTraceBehavior [ RunTime:0.002000s ]
INFO: [ app_end ] --END-- [ RunTime:0.004000s ]

[ 2016-06-27T13:14:25+08:00 ] 127.0.0.1 /gltm/Login/login
INFO: [ app_init ] --START--
INFO: Run Behavior\BuildLiteBehavior [ RunTime:0.000000s ]
INFO: [ app_init ] --END-- [ RunTime:0.002000s ]
INFO: [ app_begin ] --START--
INFO: Run Behavior\ReadHtmlCacheBehavior [ RunTime:0.001000s ]
INFO: [ app_begin ] --END-- [ RunTime:0.003000s ]
SQL: SHOW COLUMNS FROM `gltm_admin` [ RunTime:0.0050s ]
SQL: SELECT * FROM `gltm_admin` WHERE `admin_name` = 'admin' AND `admin_pwd` = '0985251f3d13076beec69aca778ea31f' AND `status` = 1 LIMIT 1   [ RunTime:0.0010s ]

[ 2016-06-27T13:14:56+08:00 ] 127.0.0.1 /gltm/Login/login
INFO: [ app_init ] --START--
INFO: Run Behavior\BuildLiteBehavior [ RunTime:0.000000s ]
INFO: [ app_init ] --END-- [ RunTime:0.000000s ]
INFO: [ app_begin ] --START--
INFO: Run Behavior\ReadHtmlCacheBehavior [ RunTime:0.015600s ]
INFO: [ app_begin ] --END-- [ RunTime:0.016600s ]
INFO: [ view_parse ] --START--
INFO: [ template_filter ] --START--
INFO: Run Behavior\ContentReplaceBehavior [ RunTime:0.000000s ]
INFO: [ template_filter ] --END-- [ RunTime:0.002000s ]
INFO: Run Behavior\ParseTemplateBehavior [ RunTime:0.023001s ]
INFO: [ view_parse ] --END-- [ RunTime:0.025002s ]
INFO: [ view_filter ] --START--
INFO: Run Behavior\WriteHtmlCacheBehavior [ RunTime:0.001000s ]
INFO: [ view_filter ] --END-- [ RunTime:0.002000s ]
INFO: [ app_end ] --START--
INFO: Run Behavior\ShowPageTraceBehavior [ RunTime:0.001000s ]
INFO: [ app_end ] --END-- [ RunTime:0.002000s ]

[ 2016-06-27T13:15:01+08:00 ] 127.0.0.1 /gltm/Login/login
INFO: [ app_init ] --START--
INFO: Run Behavior\BuildLiteBehavior [ RunTime:0.000000s ]
INFO: [ app_init ] --END-- [ RunTime:0.002000s ]
INFO: [ app_begin ] --START--
INFO: Run Behavior\ReadHtmlCacheBehavior [ RunTime:0.001000s ]
INFO: [ app_begin ] --END-- [ RunTime:0.003000s ]
SQL: SHOW COLUMNS FROM `gltm_admin` [ RunTime:0.0050s ]
SQL: SELECT * FROM `gltm_admin` WHERE `admin_name` = 'admin' AND `admin_pwd` = '21232f297a57a5a743894a0e4a801fc3' AND `status` = 1 LIMIT 1   [ RunTime:0.0000s ]

[ 2016-06-27T13:15:34+08:00 ] 127.0.0.1 /gltm/Login/login
INFO: [ app_init ] --START--
INFO: Run Behavior\BuildLiteBehavior [ RunTime:0.000000s ]
INFO: [ app_init ] --END-- [ RunTime:0.015600s ]
INFO: [ app_begin ] --START--
INFO: Run Behavior\ReadHtmlCacheBehavior [ RunTime:0.002001s ]
INFO: [ app_begin ] --END-- [ RunTime:0.004001s ]
SQL: SHOW COLUMNS FROM `gltm_admin` [ RunTime:0.0050s ]
SQL: SELECT * FROM `gltm_admin` WHERE `admin_name` = 'admin' AND `admin_pwd` = '21232f297a57a5a743894a0e4a801fc3' AND `status` = 1 LIMIT 1   [ RunTime:0.0010s ]
SQL: UPDATE `gltm_admin` SET `last_time`='1467004534',`login_ip`='127.0.0.1' WHERE `admin_name` = 'admin' AND `admin_pwd` = '21232f297a57a5a743894a0e4a801fc3' AND `status` = 1 [ RunTime:0.0010s ]
INFO: [ view_parse ] --START--
INFO: [ template_filter ] --START--
INFO: Run Behavior\ContentReplaceBehavior [ RunTime:0.001000s ]
INFO: [ template_filter ] --END-- [ RunTime:0.003000s ]
INFO: Run Behavior\ParseTemplateBehavior [ RunTime:0.027001s ]
INFO: [ view_parse ] --END-- [ RunTime:0.029001s ]
INFO: [ view_filter ] --START--
INFO: Run Behavior\WriteHtmlCacheBehavior [ RunTime:0.002000s ]
INFO: [ view_filter ] --END-- [ RunTime:0.003000s ]
INFO: [ app_end ] --START--
INFO: Run Behavior\ShowPageTraceBehavior [ RunTime:0.002000s ]
INFO: [ app_end ] --END-- [ RunTime:0.004000s ]

[ 2016-06-27T13:15:36+08:00 ] 127.0.0.1 /gltm/Admin/Index/index
INFO: [ app_init ] --START--
INFO: Run Behavior\BuildLiteBehavior [ RunTime:0.000000s ]
INFO: [ app_init ] --END-- [ RunTime:0.000000s ]
INFO: [ app_begin ] --START--
INFO: Run Behavior\ReadHtmlCacheBehavior [ RunTime:0.000000s ]
INFO: [ app_begin ] --END-- [ RunTime:0.000000s ]
NOTIC: [8] Undefined index: username D:\WWW\gltm\Application\Admin\Controller\CommonController.class.php 第 14 行.
NOTIC: [8] Use of undefined constant GROUP_NAME - assumed 'GROUP_NAME' D:\WWW\gltm\Application\Admin\Controller\CommonController.class.php 第 20 行.
INFO: [ view_parse ] --START--
INFO: [ template_filter ] --START--
INFO: Run Behavior\ContentReplaceBehavior [ RunTime:0.001000s ]
INFO: [ template_filter ] --END-- [ RunTime:0.002000s ]
INFO: Run Behavior\ParseTemplateBehavior [ RunTime:0.026001s ]
INFO: [ view_parse ] --END-- [ RunTime:0.028001s ]
INFO: [ view_filter ] --START--
INFO: Run Behavior\WriteHtmlCacheBehavior [ RunTime:0.001001s ]
INFO: [ view_filter ] --END-- [ RunTime:0.003001s ]
INFO: [ app_end ] --START--
INFO: Run Behavior\ShowPageTraceBehavior [ RunTime:0.002000s ]
INFO: [ app_end ] --END-- [ RunTime:0.003000s ]

[ 2016-06-27T13:15:36+08:00 ] 127.0.0.1 /gltm/Answer/answerList
INFO: [ app_init ] --START--
INFO: Run Behavior\BuildLiteBehavior [ RunTime:0.001000s ]
INFO: [ app_init ] --END-- [ RunTime:0.003000s ]
INFO: [ app_begin ] --START--
INFO: Run Behavior\ReadHtmlCacheBehavior [ RunTime:0.002000s ]
INFO: [ app_begin ] --END-- [ RunTime:0.004000s ]
ERR: 无法加载控制器:Answer

[ 2016-06-27T13:15:51+08:00 ] 127.0.0.1 /gltm/Rbac/adminList
INFO: [ app_init ] --START--
INFO: Run Behavior\BuildLiteBehavior [ RunTime:0.001000s ]
INFO: [ app_init ] --END-- [ RunTime:0.002000s ]
INFO: [ app_begin ] --START--
INFO: Run Behavior\ReadHtmlCacheBehavior [ RunTime:0.001000s ]
INFO: [ app_begin ] --END-- [ RunTime:0.003000s ]
NOTIC: [8] Undefined index: username D:\WWW\gltm\Application\Admin\Controller\CommonController.class.php 第 14 行.
NOTIC: [8] Use of undefined constant GROUP_NAME - assumed 'GROUP_NAME' D:\WWW\gltm\Application\Admin\Controller\CommonController.class.php 第 20 行.
SQL: SHOW COLUMNS FROM `gltm_admin` [ RunTime:0.0040s ]
ERR: 1146:Table 'gltm.home_role_user' doesn't exist
 [ SQL语句 ] : SELECT home_admin.id,home_admin.admin_name,home_admin.last_time,home_admin.login_ip,home_admin.status,role.name,role.remark FROM `gltm_admin` left join home_role_user role_user on role_user.user_id = home_admin.id left join home_role role on role.id = role_user.role_id  ORDER BY home_admin.last_time desc 
ERR: 1146:Table 'gltm.home_role_user' doesn't exist
 [ SQL语句 ] : SELECT home_admin.id,home_admin.admin_name,home_admin.last_time,home_admin.login_ip,home_admin.status,role.name,role.remark FROM `gltm_admin` left join home_role_user role_user on role_user.user_id = home_admin.id left join home_role role on role.id = role_user.role_id  ORDER BY home_admin.last_time desc 

[ 2016-06-27T13:15:54+08:00 ] 127.0.0.1 /gltm/Rbac/roleList
INFO: [ app_init ] --START--
INFO: Run Behavior\BuildLiteBehavior [ RunTime:0.000000s ]
INFO: [ app_init ] --END-- [ RunTime:0.002000s ]
INFO: [ app_begin ] --START--
INFO: Run Behavior\ReadHtmlCacheBehavior [ RunTime:0.002000s ]
INFO: [ app_begin ] --END-- [ RunTime:0.004000s ]
NOTIC: [8] Undefined index: username D:\WWW\gltm\Application\Admin\Controller\CommonController.class.php 第 14 行.
NOTIC: [8] Use of undefined constant GROUP_NAME - assumed 'GROUP_NAME' D:\WWW\gltm\Application\Admin\Controller\CommonController.class.php 第 20 行.
ERR: 1146:Table 'gltm.gltm_role' doesn't exist
 [ SQL语句 ] : SHOW COLUMNS FROM `gltm_role`
ERR: 1146:Table 'gltm.gltm_role' doesn't exist
 [ SQL语句 ] : SHOW COLUMNS FROM `gltm_role`

[ 2016-06-27T13:15:55+08:00 ] 127.0.0.1 /gltm/Rbac/nodeList
INFO: [ app_init ] --START--
INFO: Run Behavior\BuildLiteBehavior [ RunTime:0.000000s ]
INFO: [ app_init ] --END-- [ RunTime:0.002000s ]
INFO: [ app_begin ] --START--
INFO: Run Behavior\ReadHtmlCacheBehavior [ RunTime:0.002000s ]
INFO: [ app_begin ] --END-- [ RunTime:0.003000s ]
NOTIC: [8] Undefined index: username D:\WWW\gltm\Application\Admin\Controller\CommonController.class.php 第 14 行.
NOTIC: [8] Use of undefined constant GROUP_NAME - assumed 'GROUP_NAME' D:\WWW\gltm\Application\Admin\Controller\CommonController.class.php 第 20 行.
ERR: 1146:Table 'gltm.gltm_node' doesn't exist
 [ SQL语句 ] : SHOW COLUMNS FROM `gltm_node`
ERR: 1146:Table 'gltm.gltm_node' doesn't exist
 [ SQL语句 ] : SHOW COLUMNS FROM `gltm_node`

[ 2016-06-27T13:15:56+08:00 ] 127.0.0.1 /gltm/Rbac/adminList
INFO: [ app_init ] --START--
INFO: Run Behavior\BuildLiteBehavior [ RunTime:0.001000s ]
INFO: [ app_init ] --END-- [ RunTime:0.002000s ]
INFO: [ app_begin ] --START--
INFO: Run Behavior\ReadHtmlCacheBehavior [ RunTime:0.001000s ]
INFO: [ app_begin ] --END-- [ RunTime:0.003000s ]
NOTIC: [8] Undefined index: username D:\WWW\gltm\Application\Admin\Controller\CommonController.class.php 第 14 行.
NOTIC: [8] Use of undefined constant GROUP_NAME - assumed 'GROUP_NAME' D:\WWW\gltm\Application\Admin\Controller\CommonController.class.php 第 20 行.
SQL: SHOW COLUMNS FROM `gltm_admin` [ RunTime:0.0050s ]
ERR: 1146:Table 'gltm.home_role_user' doesn't exist
 [ SQL语句 ] : SELECT home_admin.id,home_admin.admin_name,home_admin.last_time,home_admin.login_ip,home_admin.status,role.name,role.remark FROM `gltm_admin` left join home_role_user role_user on role_user.user_id = home_admin.id left join home_role role on role.id = role_user.role_id  ORDER BY home_admin.last_time desc 
ERR: 1146:Table 'gltm.home_role_user' doesn't exist
 [ SQL语句 ] : SELECT home_admin.id,home_admin.admin_name,home_admin.last_time,home_admin.login_ip,home_admin.status,role.name,role.remark FROM `gltm_admin` left join home_role_user role_user on role_user.user_id = home_admin.id left join home_role role on role.id = role_user.role_id  ORDER BY home_admin.last_time desc 

[ 2016-06-27T13:18:02+08:00 ] 127.0.0.1 /gltm/Admin/Index/noLogin
INFO: [ app_init ] --START--
INFO: Run Behavior\BuildLiteBehavior [ RunTime:0.000000s ]
INFO: [ app_init ] --END-- [ RunTime:0.030001s ]
INFO: [ app_begin ] --START--
INFO: Run Behavior\ReadHtmlCacheBehavior [ RunTime:0.013001s ]
INFO: [ app_begin ] --END-- [ RunTime:0.014001s ]
NOTIC: [8] Undefined index: username D:\WWW\gltm\Application\Admin\Controller\CommonController.class.php 第 14 行.
NOTIC: [8] Use of undefined constant GROUP_NAME - assumed 'GROUP_NAME' D:\WWW\gltm\Application\Admin\Controller\CommonController.class.php 第 20 行.

[ 2016-06-27T13:18:03+08:00 ] 127.0.0.1 /gltm/Login/login
INFO: [ app_init ] --START--
INFO: Run Behavior\BuildLiteBehavior [ RunTime:0.001000s ]
INFO: [ app_init ] --END-- [ RunTime:0.002000s ]
INFO: [ app_begin ] --START--
INFO: Run Behavior\ReadHtmlCacheBehavior [ RunTime:0.001000s ]
INFO: [ app_begin ] --END-- [ RunTime:0.004000s ]
INFO: [ view_parse ] --START--
INFO: [ template_filter ] --START--
INFO: Run Behavior\ContentReplaceBehavior [ RunTime:0.001000s ]
INFO: [ template_filter ] --END-- [ RunTime:0.003000s ]
INFO: Run Behavior\ParseTemplateBehavior [ RunTime:0.025002s ]
INFO: [ view_parse ] --END-- [ RunTime:0.027002s ]
INFO: [ view_filter ] --START--
INFO: Run Behavior\WriteHtmlCacheBehavior [ RunTime:0.001000s ]
INFO: [ view_filter ] --END-- [ RunTime:0.003000s ]
INFO: [ app_end ] --START--
INFO: Run Behavior\ShowPageTraceBehavior [ RunTime:0.001000s ]
INFO: [ app_end ] --END-- [ RunTime:0.003000s ]

[ 2016-06-27T13:18:08+08:00 ] 127.0.0.1 /gltm/Login/login
INFO: [ app_init ] --START--
INFO: Run Behavior\BuildLiteBehavior [ RunTime:0.000000s ]
INFO: [ app_init ] --END-- [ RunTime:0.003000s ]
INFO: [ app_begin ] --START--
INFO: Run Behavior\ReadHtmlCacheBehavior [ RunTime:0.002000s ]
INFO: [ app_begin ] --END-- [ RunTime:0.002000s ]
SQL: SHOW COLUMNS FROM `gltm_admin` [ RunTime:0.0050s ]
SQL: SELECT * FROM `gltm_admin` WHERE `admin_name` = 'admin' AND `admin_pwd` = '21232f297a57a5a743894a0e4a801fc3' AND `status` = 1 LIMIT 1   [ RunTime:0.0010s ]
SQL: UPDATE `gltm_admin` SET `last_time`='1467004688',`login_ip`='127.0.0.1' WHERE `admin_name` = 'admin' AND `admin_pwd` = '21232f297a57a5a743894a0e4a801fc3' AND `status` = 1 [ RunTime:0.0010s ]
INFO: [ view_parse ] --START--
INFO: [ template_filter ] --START--
INFO: Run Behavior\ContentReplaceBehavior [ RunTime:0.001000s ]
INFO: [ template_filter ] --END-- [ RunTime:0.002000s ]
INFO: Run Behavior\ParseTemplateBehavior [ RunTime:0.026002s ]
INFO: [ view_parse ] --END-- [ RunTime:0.027002s ]
INFO: [ view_filter ] --START--
INFO: Run Behavior\WriteHtmlCacheBehavior [ RunTime:0.002000s ]
INFO: [ view_filter ] --END-- [ RunTime:0.003000s ]
INFO: [ app_end ] --START--
INFO: Run Behavior\ShowPageTraceBehavior [ RunTime:0.002000s ]
INFO: [ app_end ] --END-- [ RunTime:0.003000s ]

[ 2016-06-27T13:18:10+08:00 ] 127.0.0.1 /gltm/Admin/Index/index
INFO: [ app_init ] --START--
INFO: Run Behavior\BuildLiteBehavior [ RunTime:0.000000s ]
INFO: [ app_init ] --END-- [ RunTime:0.000000s ]
INFO: [ app_begin ] --START--
INFO: Run Behavior\ReadHtmlCacheBehavior [ RunTime:0.001000s ]
INFO: [ app_begin ] --END-- [ RunTime:0.003001s ]
NOTIC: [8] Undefined index: username D:\WWW\gltm\Application\Admin\Controller\CommonController.class.php 第 14 行.
NOTIC: [8] Use of undefined constant GROUP_NAME - assumed 'GROUP_NAME' D:\WWW\gltm\Application\Admin\Controller\CommonController.class.php 第 20 行.
INFO: [ view_parse ] --START--
INFO: [ template_filter ] --START--
INFO: Run Behavior\ContentReplaceBehavior [ RunTime:0.001000s ]
INFO: [ template_filter ] --END-- [ RunTime:0.002000s ]
INFO: Run Behavior\ParseTemplateBehavior [ RunTime:0.027001s ]
INFO: [ view_parse ] --END-- [ RunTime:0.029001s ]
INFO: [ view_filter ] --START--
INFO: Run Behavior\WriteHtmlCacheBehavior [ RunTime:0.001000s ]
INFO: [ view_filter ] --END-- [ RunTime:0.003000s ]
INFO: [ app_end ] --START--
INFO: Run Behavior\ShowPageTraceBehavior [ RunTime:0.002000s ]
INFO: [ app_end ] --END-- [ RunTime:0.003000s ]

[ 2016-06-27T13:18:10+08:00 ] 127.0.0.1 /gltm/Answer/answerList
INFO: [ app_init ] --START--
INFO: Run Behavior\BuildLiteBehavior [ RunTime:0.000000s ]
INFO: [ app_init ] --END-- [ RunTime:0.002000s ]
INFO: [ app_begin ] --START--
INFO: Run Behavior\ReadHtmlCacheBehavior [ RunTime:0.002000s ]
INFO: [ app_begin ] --END-- [ RunTime:0.004000s ]
ERR: 无法加载控制器:Answer

[ 2016-06-27T13:18:42+08:00 ] 127.0.0.1 /gltm/Rbac/adminList
INFO: [ app_init ] --START--
INFO: Run Behavior\BuildLiteBehavior [ RunTime:0.000000s ]
INFO: [ app_init ] --END-- [ RunTime:0.003000s ]
INFO: [ app_begin ] --START--
INFO: Run Behavior\ReadHtmlCacheBehavior [ RunTime:0.002000s ]
INFO: [ app_begin ] --END-- [ RunTime:0.003000s ]
NOTIC: [8] Undefined index: username D:\WWW\gltm\Application\Admin\Controller\CommonController.class.php 第 14 行.
NOTIC: [8] Use of undefined constant GROUP_NAME - assumed 'GROUP_NAME' D:\WWW\gltm\Application\Admin\Controller\CommonController.class.php 第 20 行.
SQL: SHOW COLUMNS FROM `gltm_admin` [ RunTime:0.0040s ]
ERR: 1146:Table 'gltm.home_role_user' doesn't exist
 [ SQL语句 ] : SELECT home_admin.id,home_admin.admin_name,home_admin.last_time,home_admin.login_ip,home_admin.status,role.name,role.remark FROM `gltm_admin` left join home_role_user role_user on role_user.user_id = home_admin.id left join home_role role on role.id = role_user.role_id  ORDER BY home_admin.last_time desc 
ERR: 1146:Table 'gltm.home_role_user' doesn't exist
 [ SQL语句 ] : SELECT home_admin.id,home_admin.admin_name,home_admin.last_time,home_admin.login_ip,home_admin.status,role.name,role.remark FROM `gltm_admin` left join home_role_user role_user on role_user.user_id = home_admin.id left join home_role role on role.id = role_user.role_id  ORDER BY home_admin.last_time desc 

[ 2016-06-27T13:18:51+08:00 ] 127.0.0.1 /gltm/Answer/answeradd
INFO: [ app_init ] --START--
INFO: Run Behavior\BuildLiteBehavior [ RunTime:0.000000s ]
INFO: [ app_init ] --END-- [ RunTime:0.003001s ]
INFO: [ app_begin ] --START--
INFO: Run Behavior\ReadHtmlCacheBehavior [ RunTime:0.001001s ]
INFO: [ app_begin ] --END-- [ RunTime:0.003001s ]
ERR: 无法加载控制器:Answer

[ 2016-06-27T13:18:54+08:00 ] 127.0.0.1 /gltm/Pic/picList
INFO: [ app_init ] --START--
INFO: Run Behavior\BuildLiteBehavior [ RunTime:0.000000s ]
INFO: [ app_init ] --END-- [ RunTime:0.015600s ]
INFO: [ app_begin ] --START--
INFO: Run Behavior\ReadHtmlCacheBehavior [ RunTime:0.002000s ]
INFO: [ app_begin ] --END-- [ RunTime:0.004000s ]
ERR: 无法加载控制器:Pic

[ 2016-06-27T13:18:56+08:00 ] 127.0.0.1 /gltm/Custom/customList
INFO: [ app_init ] --START--
INFO: Run Behavior\BuildLiteBehavior [ RunTime:0.000000s ]
INFO: [ app_init ] --END-- [ RunTime:0.003000s ]
INFO: [ app_begin ] --START--
INFO: Run Behavior\ReadHtmlCacheBehavior [ RunTime:0.002000s ]
INFO: [ app_begin ] --END-- [ RunTime:0.004001s ]
ERR: 无法加载控制器:Custom

[ 2016-06-27T13:18:57+08:00 ] 127.0.0.1 /gltm/Answer/answerList
INFO: [ app_init ] --START--
INFO: Run Behavior\BuildLiteBehavior [ RunTime:0.000000s ]
INFO: [ app_init ] --END-- [ RunTime:0.003000s ]
INFO: [ app_begin ] --START--
INFO: Run Behavior\ReadHtmlCacheBehavior [ RunTime:0.002000s ]
INFO: [ app_begin ] --END-- [ RunTime:0.003000s ]
ERR: 无法加载控制器:Answer

[ 2016-06-27T13:18:57+08:00 ] 127.0.0.1 /gltm/Answer/answeradd
INFO: [ app_init ] --START--
INFO: Run Behavior\BuildLiteBehavior [ RunTime:0.001000s ]
INFO: [ app_init ] --END-- [ RunTime:0.003000s ]
INFO: [ app_begin ] --START--
INFO: Run Behavior\ReadHtmlCacheBehavior [ RunTime:0.002000s ]
INFO: [ app_begin ] --END-- [ RunTime:0.004000s ]
ERR: 无法加载控制器:Answer

[ 2016-06-27T13:19:04+08:00 ] 127.0.0.1 /gltm/Admin/Index/noLogin
INFO: [ app_init ] --START--
INFO: Run Behavior\BuildLiteBehavior [ RunTime:0.000000s ]
INFO: [ app_init ] --END-- [ RunTime:0.000000s ]
INFO: [ app_begin ] --START--
INFO: Run Behavior\ReadHtmlCacheBehavior [ RunTime:0.001000s ]
INFO: [ app_begin ] --END-- [ RunTime:0.003000s ]
NOTIC: [8] Undefined index: username D:\WWW\gltm\Application\Admin\Controller\CommonController.class.php 第 14 行.
NOTIC: [8] Use of undefined constant GROUP_NAME - assumed 'GROUP_NAME' D:\WWW\gltm\Application\Admin\Controller\CommonController.class.php 第 20 行.

[ 2016-06-27T13:19:04+08:00 ] 127.0.0.1 /gltm/Login/login
INFO: [ app_init ] --START--
INFO: Run Behavior\BuildLiteBehavior [ RunTime:0.001000s ]
INFO: [ app_init ] --END-- [ RunTime:0.002000s ]
INFO: [ app_begin ] --START--
INFO: Run Behavior\ReadHtmlCacheBehavior [ RunTime:0.002000s ]
INFO: [ app_begin ] --END-- [ RunTime:0.003000s ]
INFO: [ view_parse ] --START--
INFO: [ template_filter ] --START--
INFO: Run Behavior\ContentReplaceBehavior [ RunTime:0.001001s ]
INFO: [ template_filter ] --END-- [ RunTime:0.002001s ]
INFO: Run Behavior\ParseTemplateBehavior [ RunTime:0.024001s ]
INFO: [ view_parse ] --END-- [ RunTime:0.026001s ]
INFO: [ view_filter ] --START--
INFO: Run Behavior\WriteHtmlCacheBehavior [ RunTime:0.001000s ]
INFO: [ view_filter ] --END-- [ RunTime:0.003000s ]
INFO: [ app_end ] --START--
INFO: Run Behavior\ShowPageTraceBehavior [ RunTime:0.001000s ]
INFO: [ app_end ] --END-- [ RunTime:0.003000s ]

[ 2016-06-27T13:19:10+08:00 ] 127.0.0.1 /gltm/Login/login
INFO: [ app_init ] --START--
INFO: Run Behavior\BuildLiteBehavior [ RunTime:0.001000s ]
INFO: [ app_init ] --END-- [ RunTime:0.002000s ]
INFO: [ app_begin ] --START--
INFO: Run Behavior\ReadHtmlCacheBehavior [ RunTime:0.002001s ]
INFO: [ app_begin ] --END-- [ RunTime:0.002001s ]
SQL: SHOW COLUMNS FROM `gltm_admin` [ RunTime:0.0060s ]
SQL: SELECT * FROM `gltm_admin` WHERE `admin_name` = 'admin' AND `admin_pwd` = '21232f297a57a5a743894a0e4a801fc3' AND `status` = 1 LIMIT 1   [ RunTime:0.0010s ]
SQL: UPDATE `gltm_admin` SET `last_time`='1467004750',`login_ip`='127.0.0.1' WHERE `admin_name` = 'admin' AND `admin_pwd` = '21232f297a57a5a743894a0e4a801fc3' AND `status` = 1 [ RunTime:0.0010s ]
INFO: [ view_parse ] --START--
INFO: [ template_filter ] --START--
INFO: Run Behavior\ContentReplaceBehavior [ RunTime:0.001000s ]
INFO: [ template_filter ] --END-- [ RunTime:0.003000s ]
INFO: Run Behavior\ParseTemplateBehavior [ RunTime:0.036002s ]
INFO: [ view_parse ] --END-- [ RunTime:0.037002s ]
INFO: [ view_filter ] --START--
INFO: Run Behavior\WriteHtmlCacheBehavior [ RunTime:0.001000s ]
INFO: [ view_filter ] --END-- [ RunTime:0.003001s ]
INFO: [ app_end ] --START--
INFO: Run Behavior\ShowPageTraceBehavior [ RunTime:0.001000s ]
INFO: [ app_end ] --END-- [ RunTime:0.003000s ]

[ 2016-06-27T13:19:12+08:00 ] 127.0.0.1 /gltm/Admin/Index/index
INFO: [ app_init ] --START--
INFO: Run Behavior\BuildLiteBehavior [ RunTime:0.000000s ]
INFO: [ app_init ] --END-- [ RunTime:0.000000s ]
INFO: [ app_begin ] --START--
INFO: Run Behavior\ReadHtmlCacheBehavior [ RunTime:0.001001s ]
INFO: [ app_begin ] --END-- [ RunTime:0.003001s ]
NOTIC: [8] Undefined index: username D:\WWW\gltm\Application\Admin\Controller\CommonController.class.php 第 14 行.
NOTIC: [8] Use of undefined constant GROUP_NAME - assumed 'GROUP_NAME' D:\WWW\gltm\Application\Admin\Controller\CommonController.class.php 第 20 行.
INFO: [ view_parse ] --START--
INFO: [ template_filter ] --START--
INFO: Run Behavior\ContentReplaceBehavior [ RunTime:0.001000s ]
INFO: [ template_filter ] --END-- [ RunTime:0.002000s ]
INFO: Run Behavior\ParseTemplateBehavior [ RunTime:0.024002s ]
INFO: [ view_parse ] --END-- [ RunTime:0.026002s ]
INFO: [ view_filter ] --START--
INFO: Run Behavior\WriteHtmlCacheBehavior [ RunTime:0.001000s ]
INFO: [ view_filter ] --END-- [ RunTime:0.002000s ]
INFO: [ app_end ] --START--
INFO: Run Behavior\ShowPageTraceBehavior [ RunTime:0.002000s ]
INFO: [ app_end ] --END-- [ RunTime:0.004000s ]

[ 2016-06-27T13:19:12+08:00 ] 127.0.0.1 /gltm/Answer/answerList
INFO: [ app_init ] --START--
INFO: Run Behavior\BuildLiteBehavior [ RunTime:0.001000s ]
INFO: [ app_init ] --END-- [ RunTime:0.002000s ]
INFO: [ app_begin ] --START--
INFO: Run Behavior\ReadHtmlCacheBehavior [ RunTime:0.001000s ]
INFO: [ app_begin ] --END-- [ RunTime:0.003000s ]
ERR: 无法加载控制器:Answer

[ 2016-06-27T13:19:41+08:00 ] 127.0.0.1 /gltm/Rbac/adminList
INFO: [ app_init ] --START--
INFO: Run Behavior\BuildLiteBehavior [ RunTime:0.000000s ]
INFO: [ app_init ] --END-- [ RunTime:0.003000s ]
INFO: [ app_begin ] --START--
INFO: Run Behavior\ReadHtmlCacheBehavior [ RunTime:0.002000s ]
INFO: [ app_begin ] --END-- [ RunTime:0.004000s ]
NOTIC: [8] Undefined index: username D:\WWW\gltm\Application\Admin\Controller\CommonController.class.php 第 14 行.
NOTIC: [8] Use of undefined constant GROUP_NAME - assumed 'GROUP_NAME' D:\WWW\gltm\Application\Admin\Controller\CommonController.class.php 第 20 行.
SQL: SHOW COLUMNS FROM `gltm_admin` [ RunTime:0.0050s ]
ERR: 1146:Table 'gltm.home_role_user' doesn't exist
 [ SQL语句 ] : SELECT home_admin.id,home_admin.admin_name,home_admin.last_time,home_admin.login_ip,home_admin.status,role.name,role.remark FROM `gltm_admin` left join home_role_user role_user on role_user.user_id = home_admin.id left join home_role role on role.id = role_user.role_id  ORDER BY home_admin.last_time desc 
ERR: 1146:Table 'gltm.home_role_user' doesn't exist
 [ SQL语句 ] : SELECT home_admin.id,home_admin.admin_name,home_admin.last_time,home_admin.login_ip,home_admin.status,role.name,role.remark FROM `gltm_admin` left join home_role_user role_user on role_user.user_id = home_admin.id left join home_role role on role.id = role_user.role_id  ORDER BY home_admin.last_time desc 

[ 2016-06-27T13:20:03+08:00 ] 127.0.0.1 /gltm/Admin/Index/
INFO: [ app_init ] --START--
INFO: Run Behavior\BuildLiteBehavior [ RunTime:0.000000s ]
INFO: [ app_init ] --END-- [ RunTime:0.000000s ]
INFO: [ app_begin ] --START--
INFO: Run Behavior\ReadHtmlCacheBehavior [ RunTime:0.002000s ]
INFO: [ app_begin ] --END-- [ RunTime:0.004000s ]
NOTIC: [8] Undefined index: username D:\WWW\gltm\Application\Admin\Controller\CommonController.class.php 第 14 行.
NOTIC: [8] Use of undefined constant GROUP_NAME - assumed 'GROUP_NAME' D:\WWW\gltm\Application\Admin\Controller\CommonController.class.php 第 20 行.
INFO: [ view_parse ] --START--
INFO: [ template_filter ] --START--
INFO: Run Behavior\ContentReplaceBehavior [ RunTime:0.001000s ]
INFO: [ template_filter ] --END-- [ RunTime:0.003000s ]
INFO: Run Behavior\ParseTemplateBehavior [ RunTime:0.035002s ]
INFO: [ view_parse ] --END-- [ RunTime:0.037002s ]
INFO: [ view_filter ] --START--
INFO: Run Behavior\WriteHtmlCacheBehavior [ RunTime:0.002000s ]
INFO: [ view_filter ] --END-- [ RunTime:0.004000s ]
INFO: [ app_end ] --START--
INFO: Run Behavior\ShowPageTraceBehavior [ RunTime:0.003000s ]
INFO: [ app_end ] --END-- [ RunTime:0.005000s ]

[ 2016-06-27T13:20:04+08:00 ] 127.0.0.1 /gltm/Answer/answerList
INFO: [ app_init ] --START--
INFO: Run Behavior\BuildLiteBehavior [ RunTime:0.001000s ]
INFO: [ app_init ] --END-- [ RunTime:0.002000s ]
INFO: [ app_begin ] --START--
INFO: Run Behavior\ReadHtmlCacheBehavior [ RunTime:0.001000s ]
INFO: [ app_begin ] --END-- [ RunTime:0.004000s ]
ERR: 无法加载控制器:Answer

[ 2016-06-27T13:22:29+08:00 ] 127.0.0.1 /gltm/Staff/staffList
ERR: 无法加载控制器:Staff

[ 2016-06-27T13:22:31+08:00 ] 127.0.0.1 /gltm/Custom/customList
ERR: 无法加载控制器:Custom

[ 2016-06-27T13:22:32+08:00 ] 127.0.0.1 /gltm/Limited/limitList
ERR: 无法加载控制器:Limited

[ 2016-06-27T13:22:52+08:00 ] 127.0.0.1 /gltm/Answer/answerList
ERR: 无法加载控制器:Answer

[ 2016-06-27T13:22:54+08:00 ] 127.0.0.1 /gltm/Staff/staffList
ERR: 无法加载控制器:Staff

[ 2016-06-27T13:22:55+08:00 ] 127.0.0.1 /gltm/Custom/customList
ERR: 无法加载控制器:Custom

[ 2016-06-27T13:22:56+08:00 ] 127.0.0.1 /gltm/Limited/limitList
ERR: 无法加载控制器:Limited

[ 2016-06-27T13:22:57+08:00 ] 127.0.0.1 /gltm/Online/OnlineList
ERR: 无法加载控制器:Online

[ 2016-06-27T13:22:58+08:00 ] 127.0.0.1 /gltm/Ordreturn/OrdreturnList
ERR: 无法加载控制器:Ordreturn

[ 2016-06-27T13:23:00+08:00 ] 127.0.0.1 /gltm/Pic/picList
ERR: 无法加载控制器:Pic

[ 2016-06-27T13:24:46+08:00 ] 127.0.0.1 /gltm/Area/AreaList
ERR: 无法加载控制器:Area

[ 2016-06-27T13:24:48+08:00 ] 127.0.0.1 /gltm/Find/Findlist
ERR: 无法加载控制器:Find

[ 2016-06-27T13:24:49+08:00 ] 127.0.0.1 /gltm/News/Newslist
ERR: 无法加载控制器:News

[ 2016-06-27T13:24:50+08:00 ] 127.0.0.1 /gltm/Opinion/opinionlist
ERR: 无法加载控制器:Opinion

[ 2016-06-27T13:24:51+08:00 ] 127.0.0.1 /gltm/Label/labellist
ERR: 无法加载控制器:Label

[ 2016-06-27T13:25:37+08:00 ] 127.0.0.1 /gltm/Answer/answerList
ERR: 无法加载控制器:Answer

[ 2016-06-27T13:27:17+08:00 ] 127.0.0.1 /gltm/Answer/answeradd
ERR: 无法加载控制器:Answer

[ 2016-06-27T13:27:37+08:00 ] 127.0.0.1 /gltm/Answer/answerList
ERR: 无法加载控制器:Answer

[ 2016-06-27T13:27:40+08:00 ] 127.0.0.1 /gltm/Rbac/adminList
ERR: 1146:Table 'gltm.home_role_user' doesn't exist
 [ SQL语句 ] : SELECT home_admin.id,home_admin.admin_name,home_admin.last_time,home_admin.login_ip,home_admin.status,role.name,role.remark FROM `gltm_admin` left join home_role_user role_user on role_user.user_id = home_admin.id left join home_role role on role.id = role_user.role_id  ORDER BY home_admin.last_time desc 
ERR: 1146:Table 'gltm.home_role_user' doesn't exist
 [ SQL语句 ] : SELECT home_admin.id,home_admin.admin_name,home_admin.last_time,home_admin.login_ip,home_admin.status,role.name,role.remark FROM `gltm_admin` left join home_role_user role_user on role_user.user_id = home_admin.id left join home_role role on role.id = role_user.role_id  ORDER BY home_admin.last_time desc 

[ 2016-06-27T13:28:53+08:00 ] 127.0.0.1 /gltm/Rbac/adminList
ERR: 1146:Table 'gltm.home_role_user' doesn't exist
 [ SQL语句 ] : SELECT home_admin.id,home_admin.admin_name,home_admin.last_time,home_admin.login_ip,home_admin.status,role.name,role.remark FROM `gltm_admin` left join home_role_user role_user on role_user.user_id = home_admin.id left join home_role role on role.id = role_user.role_id  ORDER BY home_admin.last_time desc 
ERR: 1146:Table 'gltm.home_role_user' doesn't exist
 [ SQL语句 ] : SELECT home_admin.id,home_admin.admin_name,home_admin.last_time,home_admin.login_ip,home_admin.status,role.name,role.remark FROM `gltm_admin` left join home_role_user role_user on role_user.user_id = home_admin.id left join home_role role on role.id = role_user.role_id  ORDER BY home_admin.last_time desc 

[ 2016-06-27T13:29:47+08:00 ] 127.0.0.1 /gltm/Answer/answerList
ERR: 无法加载控制器:Answer

[ 2016-06-27T13:31:42+08:00 ] 127.0.0.1 /gltm/Answer/answerList
ERR: 无法加载控制器:Answer

[ 2016-06-27T13:33:23+08:00 ] 127.0.0.1 /gltm/Admin/Index/spot/answerList.html
ERR: 非法操作:spot

[ 2016-06-27T13:35:59+08:00 ] 127.0.0.1 /gltm/Admin/Index/spot/spot%20%20List.html
ERR: 非法操作:spot

[ 2016-06-27T13:37:25+08:00 ] 127.0.0.1 /gltm/Admin/Index/spot/spot%20%20List.html
ERR: 非法操作:spot

[ 2016-06-27T13:38:03+08:00 ] 127.0.0.1 /gltm/Admin/Index/spot/spot%20%20List.html
ERR: 非法操作:spot

[ 2016-06-27T13:38:57+08:00 ] 127.0.0.1 /gltm/Admin/Index/spot/spot%20%20List.html
ERR: 非法操作:spot

[ 2016-06-27T13:39:49+08:00 ] 127.0.0.1 /gltm/Admin/Index/spot/spot%20%20List.html
ERR: 非法操作:spot

[ 2016-06-27T13:41:35+08:00 ] 127.0.0.1 /gltm/Admin/Index/spot/spot%20%20List.html
ERR: 非法操作:spot

[ 2016-06-27T13:41:51+08:00 ] 127.0.0.1 /gltm/Admin/Index/spot/spot%20%20List.html
ERR: 非法操作:spot

[ 2016-06-27T13:44:31+08:00 ] 127.0.0.1 /gltm/Admin/Index/spot/spot%20%20List.html
ERR: 非法操作:spot

